
> temp-app@0.0.0 build
> vite build

vite v8.0.13 building client environment for production...
[2Ktransforming...✗ Build failed in 349ms

PWA v1.3.0
mode      generateSW
precache  1 entries (0.00 KiB)
files generated
  dist/sw.js
  dist/workbox-9c191d2f.js
warnings
  One of the glob patterns doesn't match any files. Please remove or fix the following: {
  "globDirectory": "/Users/tanakasino/AmuChat/dist",
  "globPattern": "**/*.{js,wasm,css,html}",
  "globIgnores": [
    "**/node_modules/**/*",
    "sw.js",
    "workbox-*.js"
  ]
}

error during build:
Build failed with 1 error:

[plugin vite-plugin-pwa:build]
Error: Build failed with 2 errors:

[31m[builtin:vite-transform] [0mInvalid Unicode escape sequence
     [38;5;246m╭[0m[38;5;246m─[0m[38;5;246m[[0m src/App.jsx:250:33 [38;5;246m][0m
     [38;5;246m│[0m
 [38;5;246m250 │[0m [38;5;249m [0m[38;5;249m [0m[38;5;249m [0m[38;5;249m [0m[38;5;249ma[0m[38;5;249m.[0m[38;5;249mh[0m[38;5;249mr[0m[38;5;249me[0m[38;5;249mf[0m[38;5;249m [0m[38;5;249m=[0m[38;5;249m [0m[38;5;249mu[0m[38;5;249mr[0m[38;5;249ml[0m[38;5;249m;[0m[38;5;249m [0m[38;5;249ma[0m[38;5;249m.[0m[38;5;249md[0m[38;5;249mo[0m[38;5;249mw[0m[38;5;249mn[0m[38;5;249ml[0m[38;5;249mo[0m[38;5;249ma[0m[38;5;249md[0m[38;5;249m [0m[38;5;249m=[0m[38;5;249m [0m[38;5;249m\[0m`[38;5;249mZ[0m[38;5;249me[0m[38;5;249mt[0m[38;5;249ma[0m[38;5;249mB[0m[38;5;249ma[0m[38;5;249mc[0m[38;5;249mk[0m[38;5;249mu[0m[38;5;249mp[0m[38;5;249m_[0m[38;5;249m\[0m[38;5;249m$[0m[38;5;249m{[0m[38;5;249mn[0m[38;5;249me[0m[38;5;249mw[0m[38;5;249m [0m[38;5;249mD[0m[38;5;249ma[0m[38;5;249mt[0m[38;5;249me[0m[38;5;249m([0m[38;5;249m)[0m[38;5;249m.[0m[38;5;249mt[0m[38;5;249mo[0m[38;5;249mI[0m[38;5;249mS[0m[38;5;249mO[0m[38;5;249mS[0m[38;5;249mt[0m[38;5;249mr[0m[38;5;249mi[0m[38;5;249mn[0m[38;5;249mg[0m[38;5;249m([0m[38;5;249m)[0m[38;5;249m.[0m[38;5;249ms[0m[38;5;249ml[0m[38;5;249mi[0m[38;5;249mc[0m[38;5;249me[0m[38;5;249m([0m[38;5;249m0[0m[38;5;249m,[0m[38;5;249m1[0m[38;5;249m0[0m[38;5;249m)[0m[38;5;249m}[0m[38;5;249m.[0m[38;5;249mj[0m[38;5;249ms[0m[38;5;249mo[0m[38;5;249mn[0m[38;5;249m\[0m[38;5;249m`[0m[38;5;249m;[0m[38;5;249m [0m[38;5;249ma[0m[38;5;249m.[0m[38;5;249mc[0m[38;5;249ml[0m[38;5;249mi[0m[38;5;249mc[0m[38;5;249mk[0m[38;5;249m([0m[38;5;249m)[0m[38;5;249m;[0m
 [38;5;240m    │[0m                                 ┬  
 [38;5;240m    │[0m                                 ╰── 
[38;5;246m─────╯[0m

[31m[builtin:vite-transform] [0mInvalid Unicode escape sequence
     [38;5;246m╭[0m[38;5;246m─[0m[38;5;246m[[0m src/App.jsx:250:46 [38;5;246m][0m
     [38;5;246m│[0m
 [38;5;246m250 │[0m [38;5;249m [0m[38;5;249m [0m[38;5;249m [0m[38;5;249m [0m[38;5;249ma[0m[38;5;249m.[0m[38;5;249mh[0m[38;5;249mr[0m[38;5;249me[0m[38;5;249mf[0m[38;5;249m [0m[38;5;249m=[0m[38;5;249m [0m[38;5;249mu[0m[38;5;249mr[0m[38;5;249ml[0m[38;5;249m;[0m[38;5;249m [0m[38;5;249ma[0m[38;5;249m.[0m[38;5;249md[0m[38;5;249mo[0m[38;5;249mw[0m[38;5;249mn[0m[38;5;249ml[0m[38;5;249mo[0m[38;5;249ma[0m[38;5;249md[0m[38;5;249m [0m[38;5;249m=[0m[38;5;249m [0m[38;5;249m\[0m[38;5;249m`[0m[38;5;249mZ[0m[38;5;249me[0m[38;5;249mt[0m[38;5;249ma[0m[38;5;249mB[0m[38;5;249ma[0m[38;5;249mc[0m[38;5;249mk[0m[38;5;249mu[0m[38;5;249mp[0m[38;5;249m_[0m[38;5;249m\[0m$[38;5;249m{[0m[38;5;249mn[0m[38;5;249me[0m[38;5;249mw[0m[38;5;249m [0m[38;5;249mD[0m[38;5;249ma[0m[38;5;249mt[0m[38;5;249me[0m[38;5;249m([0m[38;5;249m)[0m[38;5;249m.[0m[38;5;249mt[0m[38;5;249mo[0m[38;5;249mI[0m[38;5;249mS[0m[38;5;249mO[0m[38;5;249mS[0m[38;5;249mt[0m[38;5;249mr[0m[38;5;249mi[0m[38;5;249mn[0m[38;5;249mg[0m[38;5;249m([0m[38;5;249m)[0m[38;5;249m.[0m[38;5;249ms[0m[38;5;249ml[0m[38;5;249mi[0m[38;5;249mc[0m[38;5;249me[0m[38;5;249m([0m[38;5;249m0[0m[38;5;249m,[0m[38;5;249m1[0m[38;5;249m0[0m[38;5;249m)[0m[38;5;249m}[0m[38;5;249m.[0m[38;5;249mj[0m[38;5;249ms[0m[38;5;249mo[0m[38;5;249mn[0m[38;5;249m\[0m[38;5;249m`[0m[38;5;249m;[0m[38;5;249m [0m[38;5;249ma[0m[38;5;249m.[0m[38;5;249mc[0m[38;5;249ml[0m[38;5;249mi[0m[38;5;249mc[0m[38;5;249mk[0m[38;5;249m([0m[38;5;249m)[0m[38;5;249m;[0m
 [38;5;240m    │[0m                                              ┬  
 [38;5;240m    │[0m                                              ╰── 
[38;5;246m─────╯[0m
    at aggregateBindingErrorsIntoJsError (file:///Users/tanakasino/AmuChat/node_modules/rolldown/dist/shared/error-CkdMJ9ps.mjs:48:18)
    at plugin (file:///Users/tanakasino/AmuChat/node_modules/rolldown/dist/shared/bindingify-input-options-BnfFBV6b.mjs:1080:61)
    at plugin.<computed> (file:///Users/tanakasino/AmuChat/node_modules/rolldown/dist/shared/bindingify-input-options-BnfFBV6b.mjs:1625:18)
    at aggregateBindingErrorsIntoJsError (file:///Users/tanakasino/AmuChat/node_modules/rolldown/dist/shared/error-CkdMJ9ps.mjs:48:18)
    at unwrapBindingResult (file:///Users/tanakasino/AmuChat/node_modules/rolldown/dist/shared/error-CkdMJ9ps.mjs:18:128)
    at #build (file:///Users/tanakasino/AmuChat/node_modules/rolldown/dist/shared/rolldown-build-BVD3dIdE.mjs:3275:34)
    at async buildEnvironment (file:///Users/tanakasino/AmuChat/node_modules/vite/dist/node/chunks/node.js:33133:64)
    at async Object.build (file:///Users/tanakasino/AmuChat/node_modules/vite/dist/node/chunks/node.js:33555:19)
    at async Object.buildApp (file:///Users/tanakasino/AmuChat/node_modules/vite/dist/node/chunks/node.js:33552:153)
    at async CAC.<anonymous> (file:///Users/tanakasino/AmuChat/node_modules/vite/dist/node/cli.js:777:3) {
  errors: [Getter/Setter]
}
